This is pdfTeX, Version 3.1415926-2.5-1.40.14 (TeX Live 2013) (format=pdflatex 2014.5.12)  29 JUL 2014 18:17
entering extended mode
 \write18 enabled.
 file:line:error style messages enabled.
 %&-line parsing enabled.
**intro_to_NREL_latex.tex
(./intro_to_NREL_latex.tex
LaTeX2e <2011/06/27>
Babel <3.9k> and hyphenation patterns for 78 languages loaded.
(./nrel.cls
Document Class: nrel 
 
NREL.cls -- v1.0, July 2014
Formats documents according to the NREL style guide
 
(/usr/local/texlive/2013/texmf-dist/tex/latex/xifthen/xifthen.sty
Package: xifthen 2009/04/17 v1.3 Extended ifthen features

(/usr/local/texlive/2013/texmf-dist/tex/latex/etex-pkg/etex.sty
Package: etex 1998/03/26 v2.0 eTeX basic definition package (PEB)
\et@xins=\count79
)
(/usr/local/texlive/2013/texmf-dist/tex/latex/tools/calc.sty
Package: calc 2007/08/22 v4.3 Infix arithmetic (KKT,FJ)
\calc@Acount=\count80
\calc@Bcount=\count81
\calc@Adimen=\dimen102
\calc@Bdimen=\dimen103
\calc@Askip=\skip41
\calc@Bskip=\skip42
LaTeX Info: Redefining \setlength on input line 76.
LaTeX Info: Redefining \addtolength on input line 77.
\calc@Ccount=\count82
\calc@Cskip=\skip43
)
(/usr/local/texlive/2013/texmf-dist/tex/latex/base/ifthen.sty
Package: ifthen 2001/05/26 v1.1c Standard LaTeX ifthen package (DPC)
)
(/usr/local/texlive/2013/texmf-dist/tex/latex/ifmtarg/ifmtarg.sty
Package: ifmtarg 2009/09/02 v1.2a check for an empty argument
))
Using modified report class
(/usr/local/texlive/2013/texmf-dist/tex/latex/base/report.cls
Document Class: report 2007/10/19 v1.4h Standard LaTeX document class
(/usr/local/texlive/2013/texmf-dist/tex/latex/base/size10.clo
File: size10.clo 2007/10/19 v1.4h Standard LaTeX file (size option)
)
\c@part=\count83
\c@chapter=\count84
\c@section=\count85
\c@subsection=\count86
\c@subsubsection=\count87
\c@paragraph=\count88
\c@subparagraph=\count89
\c@figure=\count90
\c@table=\count91
\abovecaptionskip=\skip44
\belowcaptionskip=\skip45
\bibindent=\dimen104
)
(/usr/local/texlive/2013/texmf-dist/tex/latex/nag/nag.sty
Package: nag 2011/11/25 0.7 warning about old commands (ulmi)
\c@nag@c=\count92
\c@nag@sins=\count93


Package nag Warning: Required ruleset 2tabu, and it wasn't there.

Package nag Info: Loaded nag-orthodox.cfg  on input line 552.
(/usr/local/texlive/2013/texmf-dist/tex/latex/nag/nag-orthodox.cfg
File: nag-orthodox.cfg 2006/04/19 v1.8 strict rules for nag.sty (ulmi)
))
(/usr/local/texlive/2013/texmf-dist/tex/latex/geometry/geometry.sty
Package: geometry 2010/09/12 v5.6 Page Geometry

(/usr/local/texlive/2013/texmf-dist/tex/latex/graphics/keyval.sty
Package: keyval 1999/03/16 v1.13 key=value parser (DPC)
\KV@toks@=\toks14
)
(/usr/local/texlive/2013/texmf-dist/tex/generic/oberdiek/ifpdf.sty
Package: ifpdf 2011/01/30 v2.3 Provides the ifpdf switch (HO)
Package ifpdf Info: pdfTeX in PDF mode is detected.
)
(/usr/local/texlive/2013/texmf-dist/tex/generic/oberdiek/ifvtex.sty
Package: ifvtex 2010/03/01 v1.5 Detect VTeX and its facilities (HO)
Package ifvtex Info: VTeX not detected.
)
(/usr/local/texlive/2013/texmf-dist/tex/generic/ifxetex/ifxetex.sty
Package: ifxetex 2010/09/12 v0.6 Provides ifxetex conditional
)
\Gm@cnth=\count94
\Gm@cntv=\count95
\c@Gm@tempcnt=\count96
\Gm@bindingoffset=\dimen105
\Gm@wd@mp=\dimen106
\Gm@odd@mp=\dimen107
\Gm@even@mp=\dimen108
\Gm@layoutwidth=\dimen109
\Gm@layoutheight=\dimen110
\Gm@layouthoffset=\dimen111
\Gm@layoutvoffset=\dimen112
\Gm@dimlist=\toks15
)
(/usr/local/texlive/2013/texmf-dist/tex/latex/psnfss/mathptmx.sty
Package: mathptmx 2005/04/12 PSNFSS-v9.2a Times w/ Math, improved (SPQR, WaS) 
LaTeX Font Info:    Redeclaring symbol font `operators' on input line 28.
LaTeX Font Info:    Overwriting symbol font `operators' in version `normal'
(Font)                  OT1/cmr/m/n --> OT1/ztmcm/m/n on input line 28.
LaTeX Font Info:    Overwriting symbol font `operators' in version `bold'
(Font)                  OT1/cmr/bx/n --> OT1/ztmcm/m/n on input line 28.
LaTeX Font Info:    Redeclaring symbol font `letters' on input line 29.
LaTeX Font Info:    Overwriting symbol font `letters' in version `normal'
(Font)                  OML/cmm/m/it --> OML/ztmcm/m/it on input line 29.
LaTeX Font Info:    Overwriting symbol font `letters' in version `bold'
(Font)                  OML/cmm/b/it --> OML/ztmcm/m/it on input line 29.
LaTeX Font Info:    Redeclaring symbol font `symbols' on input line 30.
LaTeX Font Info:    Overwriting symbol font `symbols' in version `normal'
(Font)                  OMS/cmsy/m/n --> OMS/ztmcm/m/n on input line 30.
LaTeX Font Info:    Overwriting symbol font `symbols' in version `bold'
(Font)                  OMS/cmsy/b/n --> OMS/ztmcm/m/n on input line 30.
LaTeX Font Info:    Redeclaring symbol font `largesymbols' on input line 31.
LaTeX Font Info:    Overwriting symbol font `largesymbols' in version `normal'
(Font)                  OMX/cmex/m/n --> OMX/ztmcm/m/n on input line 31.
LaTeX Font Info:    Overwriting symbol font `largesymbols' in version `bold'
(Font)                  OMX/cmex/m/n --> OMX/ztmcm/m/n on input line 31.
\symbold=\mathgroup4
\symitalic=\mathgroup5
LaTeX Font Info:    Redeclaring math alphabet \mathbf on input line 34.
LaTeX Font Info:    Overwriting math alphabet `\mathbf' in version `normal'
(Font)                  OT1/cmr/bx/n --> OT1/ptm/bx/n on input line 34.
LaTeX Font Info:    Overwriting math alphabet `\mathbf' in version `bold'
(Font)                  OT1/cmr/bx/n --> OT1/ptm/bx/n on input line 34.
LaTeX Font Info:    Redeclaring math alphabet \mathit on input line 35.
LaTeX Font Info:    Overwriting math alphabet `\mathit' in version `normal'
(Font)                  OT1/cmr/m/it --> OT1/ptm/m/it on input line 35.
LaTeX Font Info:    Overwriting math alphabet `\mathit' in version `bold'
(Font)                  OT1/cmr/bx/it --> OT1/ptm/m/it on input line 35.
LaTeX Info: Redefining \hbar on input line 50.
)
(/usr/local/texlive/2013/texmf-dist/tex/latex/psnfss/helvet.sty
Package: helvet 2005/04/12 PSNFSS-v9.2a (WaS) 
)
(/usr/local/texlive/2013/texmf-dist/tex/latex/psnfss/courier.sty
Package: courier 2005/04/12 PSNFSS-v9.2a (WaS) 
)
(/usr/local/texlive/2013/texmf-dist/tex/latex/amsfonts/amsfonts.sty
Package: amsfonts 2013/01/14 v3.01 Basic AMSFonts support
\@emptytoks=\toks16
\symAMSa=\mathgroup6
\symAMSb=\mathgroup7
LaTeX Font Info:    Overwriting math alphabet `\mathfrak' in version `bold'
(Font)                  U/euf/m/n --> U/euf/b/n on input line 106.
)
(/usr/local/texlive/2013/texmf-dist/tex/latex/amsfonts/amssymb.sty
Package: amssymb 2013/01/14 v3.01 AMS font symbols
)
(/usr/local/texlive/2013/texmf-dist/tex/latex/amsmath/amsmath.sty
Package: amsmath 2013/01/14 v2.14 AMS math features
\@mathmargin=\skip46

For additional information on amsmath, use the `?' option.
(/usr/local/texlive/2013/texmf-dist/tex/latex/amsmath/amstext.sty
Package: amstext 2000/06/29 v2.01

(/usr/local/texlive/2013/texmf-dist/tex/latex/amsmath/amsgen.sty
File: amsgen.sty 1999/11/30 v2.0
\@emptytoks=\toks17
\ex@=\dimen113
))
(/usr/local/texlive/2013/texmf-dist/tex/latex/amsmath/amsbsy.sty
Package: amsbsy 1999/11/29 v1.2d
\pmbraise@=\dimen114
)
(/usr/local/texlive/2013/texmf-dist/tex/latex/amsmath/amsopn.sty
Package: amsopn 1999/12/14 v2.01 operator names
)
\inf@bad=\count97
LaTeX Info: Redefining \frac on input line 210.
\uproot@=\count98
\leftroot@=\count99
LaTeX Info: Redefining \overline on input line 306.
\classnum@=\count100
\DOTSCASE@=\count101
LaTeX Info: Redefining \ldots on input line 378.
LaTeX Info: Redefining \dots on input line 381.
LaTeX Info: Redefining \cdots on input line 466.
\Mathstrutbox@=\box26
\strutbox@=\box27
\big@size=\dimen115
LaTeX Font Info:    Redeclaring font encoding OML on input line 566.
LaTeX Font Info:    Redeclaring font encoding OMS on input line 567.
\macc@depth=\count102
\c@MaxMatrixCols=\count103
\dotsspace@=\muskip10
\c@parentequation=\count104
\dspbrk@lvl=\count105
\tag@help=\toks18
\row@=\count106
\column@=\count107
\maxfields@=\count108
\andhelp@=\toks19
\eqnshift@=\dimen116
\alignsep@=\dimen117
\tagshift@=\dimen118
\tagwidth@=\dimen119
\totwidth@=\dimen120
\lineht@=\dimen121
\@envbody=\toks20
\multlinegap=\skip47
\multlinetaggap=\skip48
\mathdisplay@stack=\toks21
LaTeX Info: Redefining \[ on input line 2665.
LaTeX Info: Redefining \] on input line 2666.
)
(/usr/local/texlive/2013/texmf-dist/tex/latex/was/gensymb.sty
Package: gensymb 2003/07/02 v1.0 (WaS)
)
(/usr/local/texlive/2013/texmf-dist/tex/latex/booktabs/booktabs.sty
Package: booktabs 2005/04/14 v1.61803 publication quality tables
\heavyrulewidth=\dimen122
\lightrulewidth=\dimen123
\cmidrulewidth=\dimen124
\belowrulesep=\dimen125
\belowbottomsep=\dimen126
\aboverulesep=\dimen127
\abovetopsep=\dimen128
\cmidrulesep=\dimen129
\cmidrulekern=\dimen130
\defaultaddspace=\dimen131
\@cmidla=\count109
\@cmidlb=\count110
\@aboverulesep=\dimen132
\@belowrulesep=\dimen133
\@thisruleclass=\count111
\@lastruleclass=\count112
\@thisrulewidth=\dimen134
)
(/usr/local/texlive/2013/texmf-dist/tex/latex/graphics/graphicx.sty
Package: graphicx 1999/02/16 v1.0f Enhanced LaTeX Graphics (DPC,SPQR)

(/usr/local/texlive/2013/texmf-dist/tex/latex/graphics/graphics.sty
Package: graphics 2009/02/05 v1.0o Standard LaTeX Graphics (DPC,SPQR)

(/usr/local/texlive/2013/texmf-dist/tex/latex/graphics/trig.sty
Package: trig 1999/03/16 v1.09 sin cos tan (DPC)
)
(/usr/local/texlive/2013/texmf-dist/tex/latex/latexconfig/graphics.cfg
File: graphics.cfg 2010/04/23 v1.9 graphics configuration of TeX Live
)
Package graphics Info: Driver file: pdftex.def on input line 91.

(/usr/local/texlive/2013/texmf-dist/tex/latex/pdftex-def/pdftex.def
File: pdftex.def 2011/05/27 v0.06d Graphics/color for pdfTeX

(/usr/local/texlive/2013/texmf-dist/tex/generic/oberdiek/infwarerr.sty
Package: infwarerr 2010/04/08 v1.3 Providing info/warning/error messages (HO)
)
(/usr/local/texlive/2013/texmf-dist/tex/generic/oberdiek/ltxcmds.sty
Package: ltxcmds 2011/11/09 v1.22 LaTeX kernel commands for general use (HO)
)
\Gread@gobject=\count113
))
\Gin@req@height=\dimen135
\Gin@req@width=\dimen136
)
(/usr/local/texlive/2013/texmf-dist/tex/latex/natbib/natbib.sty
Package: natbib 2010/09/13 8.31b (PWD, AO)
\bibhang=\skip49
\bibsep=\skip50
LaTeX Info: Redefining \cite on input line 694.
\c@NAT@ctr=\count114
)
(/usr/local/texlive/2013/texmf-dist/tex/latex/base/fontenc.sty
Package: fontenc 2005/09/27 v1.99g Standard LaTeX package

(/usr/local/texlive/2013/texmf-dist/tex/latex/base/t1enc.def
File: t1enc.def 2005/09/27 v1.99g Standard LaTeX file
LaTeX Font Info:    Redeclaring font encoding T1 on input line 43.
))
(/usr/local/texlive/2013/texmf-dist/tex/latex/xcolor/xcolor.sty
Package: xcolor 2007/01/21 v2.11 LaTeX color extensions (UK)

(/usr/local/texlive/2013/texmf-dist/tex/latex/latexconfig/color.cfg
File: color.cfg 2007/01/18 v1.5 color configuration of teTeX/TeXLive
)
Package xcolor Info: Driver file: pdftex.def on input line 225.
Package xcolor Info: Model `cmy' substituted by `cmy0' on input line 1337.
Package xcolor Info: Model `hsb' substituted by `rgb' on input line 1341.
Package xcolor Info: Model `RGB' extended on input line 1353.
Package xcolor Info: Model `HTML' substituted by `rgb' on input line 1355.
Package xcolor Info: Model `Hsb' substituted by `hsb' on input line 1356.
Package xcolor Info: Model `tHsb' substituted by `hsb' on input line 1357.
Package xcolor Info: Model `HSB' substituted by `hsb' on input line 1358.
Package xcolor Info: Model `Gray' substituted by `gray' on input line 1359.
Package xcolor Info: Model `wave' substituted by `hsb' on input line 1360.
)
(/usr/local/texlive/2013/texmf-dist/tex/generic/babel/babel.sty
Package: babel 2014/03/24 3.9k The Babel package

(/usr/local/texlive/2013/texmf-dist/tex/generic/babel-english/english.ldf
Language: english 2012/08/20 v3.3p English support from the babel system

(/usr/local/texlive/2013/texmf-dist/tex/generic/babel/babel.def
File: babel.def 2014/03/24 3.9k Babel common definitions
\babel@savecnt=\count115
\U@D=\dimen137
)
\l@canadian = a dialect from \language\l@american 
\l@australian = a dialect from \language\l@british 
\l@newzealand = a dialect from \language\l@british 
))
(/usr/local/texlive/2013/texmf-dist/tex/latex/subfig/subfig.sty
Package: subfig 2005/06/28 ver: 1.3 subfig package

(/usr/local/texlive/2013/texmf-dist/tex/latex/caption/caption.sty
Package: caption 2013/05/02 v3.3-89 Customizing captions (AR)

(/usr/local/texlive/2013/texmf-dist/tex/latex/caption/caption3.sty
Package: caption3 2013/05/02 v1.6-88 caption3 kernel (AR)
Package caption3 Info: TeX engine: e-TeX on input line 57.
\captionmargin=\dimen138
\captionmargin@=\dimen139
\captionwidth=\dimen140
\caption@tempdima=\dimen141
\caption@indent=\dimen142
\caption@parindent=\dimen143
\caption@hangindent=\dimen144
)
\c@ContinuedFloat=\count116
)
\c@KVtest=\count117
\sf@farskip=\skip51
\sf@captopadj=\dimen145
\sf@capskip=\skip52
\sf@nearskip=\skip53
\c@subfigure=\count118
\c@subfigure@save=\count119
\c@lofdepth=\count120
\c@subtable=\count121
\c@subtable@save=\count122
\c@lotdepth=\count123
\sf@top=\skip54
\sf@bottom=\skip55
)
(/usr/local/texlive/2013/texmf-dist/tex/latex/hyphenat/hyphenat.sty
Package: hyphenat 2009/09/02 v2.3c hyphenation utilities
\langwohyphens=\language79
LaTeX Info: Redefining \_ on input line 43.
)
(/usr/local/texlive/2013/texmf-dist/tex/latex/setspace/setspace.sty
Package: setspace 2011/12/19 v6.7a set line spacing
)
(/usr/local/texlive/2013/texmf-dist/tex/latex/parskip/parskip.sty
Package: parskip 2001/04/09 non-zero parskip adjustments
)
(/usr/local/texlive/2013/texmf-dist/tex/latex/todonotes/todonotes.sty
Package: todonotes 2012/07/25 .dtx Todonotes source and documentation.
Package: todonotes 2012/07/25

(/usr/local/texlive/2013/texmf-dist/tex/latex/xkeyval/xkeyval.sty
Package: xkeyval 2012/10/14 v2.6b package option processing (HA)

(/usr/local/texlive/2013/texmf-dist/tex/generic/xkeyval/xkeyval.tex
\XKV@toks=\toks22
\XKV@tempa@toks=\toks23
\XKV@depth=\count124
File: xkeyval.tex 2012/10/14 v2.6b key=value parser (HA)
))
(/usr/local/texlive/2013/texmf-dist/tex/latex/pgf/frontendlayer/tikz.sty
(/usr/local/texlive/2013/texmf-dist/tex/latex/pgf/basiclayer/pgf.sty
(/usr/local/texlive/2013/texmf-dist/tex/latex/pgf/utilities/pgfrcs.sty
(/usr/local/texlive/2013/texmf-dist/tex/generic/pgf/utilities/pgfutil-common.te
x
\pgfutil@everybye=\toks24
\pgfutil@tempdima=\dimen146
\pgfutil@tempdimb=\dimen147

(/usr/local/texlive/2013/texmf-dist/tex/generic/pgf/utilities/pgfutil-common-li
sts.tex))
(/usr/local/texlive/2013/texmf-dist/tex/generic/pgf/utilities/pgfutil-latex.def
\pgfutil@abb=\box28
(/usr/local/texlive/2013/texmf-dist/tex/latex/ms/everyshi.sty
Package: everyshi 2001/05/15 v3.00 EveryShipout Package (MS)
))
(/usr/local/texlive/2013/texmf-dist/tex/generic/pgf/utilities/pgfrcs.code.tex
Package: pgfrcs 2013/12/20 v3.0.0 (rcs-revision 1.28)
))
Package: pgf 2013/12/18 v3.0.0 (rcs-revision 1.14)
(/usr/local/texlive/2013/texmf-dist/tex/latex/pgf/basiclayer/pgfcore.sty
(/usr/local/texlive/2013/texmf-dist/tex/latex/pgf/systemlayer/pgfsys.sty
(/usr/local/texlive/2013/texmf-dist/tex/generic/pgf/systemlayer/pgfsys.code.tex
Package: pgfsys 2013/11/30 v3.0.0 (rcs-revision 1.47)
(/usr/local/texlive/2013/texmf-dist/tex/generic/pgf/utilities/pgfkeys.code.tex
\pgfkeys@pathtoks=\toks25
\pgfkeys@temptoks=\toks26

(/usr/local/texlive/2013/texmf-dist/tex/generic/pgf/utilities/pgfkeysfiltered.c
ode.tex
\pgfkeys@tmptoks=\toks27
))
\pgf@x=\dimen148
\pgf@y=\dimen149
\pgf@xa=\dimen150
\pgf@ya=\dimen151
\pgf@xb=\dimen152
\pgf@yb=\dimen153
\pgf@xc=\dimen154
\pgf@yc=\dimen155
\w@pgf@writea=\write3
\r@pgf@reada=\read1
\c@pgf@counta=\count125
\c@pgf@countb=\count126
\c@pgf@countc=\count127
\c@pgf@countd=\count128
\t@pgf@toka=\toks28
\t@pgf@tokb=\toks29
\t@pgf@tokc=\toks30

(/usr/local/texlive/2013/texmf-dist/tex/generic/pgf/systemlayer/pgf.cfg
File: pgf.cfg 2008/05/14  (rcs-revision 1.7)
)
Driver file for pgf: pgfsys-pdftex.def

(/usr/local/texlive/2013/texmf-dist/tex/generic/pgf/systemlayer/pgfsys-pdftex.d
ef
File: pgfsys-pdftex.def 2013/07/18  (rcs-revision 1.33)

(/usr/local/texlive/2013/texmf-dist/tex/generic/pgf/systemlayer/pgfsys-common-p
df.def
File: pgfsys-common-pdf.def 2013/10/10  (rcs-revision 1.13)
)))
(/usr/local/texlive/2013/texmf-dist/tex/generic/pgf/systemlayer/pgfsyssoftpath.
code.tex
File: pgfsyssoftpath.code.tex 2013/09/09  (rcs-revision 1.9)
\pgfsyssoftpath@smallbuffer@items=\count129
\pgfsyssoftpath@bigbuffer@items=\count130
)
(/usr/local/texlive/2013/texmf-dist/tex/generic/pgf/systemlayer/pgfsysprotocol.
code.tex
File: pgfsysprotocol.code.tex 2006/10/16  (rcs-revision 1.4)
))
(/usr/local/texlive/2013/texmf-dist/tex/generic/pgf/basiclayer/pgfcore.code.tex
Package: pgfcore 2010/04/11 v3.0.0 (rcs-revision 1.7)
(/usr/local/texlive/2013/texmf-dist/tex/generic/pgf/math/pgfmath.code.tex
(/usr/local/texlive/2013/texmf-dist/tex/generic/pgf/math/pgfmathcalc.code.tex
(/usr/local/texlive/2013/texmf-dist/tex/generic/pgf/math/pgfmathutil.code.tex)
(/usr/local/texlive/2013/texmf-dist/tex/generic/pgf/math/pgfmathparser.code.tex
\pgfmath@dimen=\dimen156
\pgfmath@count=\count131
\pgfmath@box=\box29
\pgfmath@toks=\toks31
\pgfmath@stack@operand=\toks32
\pgfmath@stack@operation=\toks33
)
(/usr/local/texlive/2013/texmf-dist/tex/generic/pgf/math/pgfmathfunctions.code.
tex
(/usr/local/texlive/2013/texmf-dist/tex/generic/pgf/math/pgfmathfunctions.basic
.code.tex)
(/usr/local/texlive/2013/texmf-dist/tex/generic/pgf/math/pgfmathfunctions.trigo
nometric.code.tex)
(/usr/local/texlive/2013/texmf-dist/tex/generic/pgf/math/pgfmathfunctions.rando
m.code.tex)
(/usr/local/texlive/2013/texmf-dist/tex/generic/pgf/math/pgfmathfunctions.compa
rison.code.tex)
(/usr/local/texlive/2013/texmf-dist/tex/generic/pgf/math/pgfmathfunctions.base.
code.tex)
(/usr/local/texlive/2013/texmf-dist/tex/generic/pgf/math/pgfmathfunctions.round
.code.tex)
(/usr/local/texlive/2013/texmf-dist/tex/generic/pgf/math/pgfmathfunctions.misc.
code.tex)
(/usr/local/texlive/2013/texmf-dist/tex/generic/pgf/math/pgfmathfunctions.integ
erarithmetics.code.tex)))
(/usr/local/texlive/2013/texmf-dist/tex/generic/pgf/math/pgfmathfloat.code.tex
\c@pgfmathroundto@lastzeros=\count132
))
(/usr/local/texlive/2013/texmf-dist/tex/generic/pgf/basiclayer/pgfcorepoints.co
de.tex
File: pgfcorepoints.code.tex 2013/10/07  (rcs-revision 1.27)
\pgf@picminx=\dimen157
\pgf@picmaxx=\dimen158
\pgf@picminy=\dimen159
\pgf@picmaxy=\dimen160
\pgf@pathminx=\dimen161
\pgf@pathmaxx=\dimen162
\pgf@pathminy=\dimen163
\pgf@pathmaxy=\dimen164
\pgf@xx=\dimen165
\pgf@xy=\dimen166
\pgf@yx=\dimen167
\pgf@yy=\dimen168
\pgf@zx=\dimen169
\pgf@zy=\dimen170
)
(/usr/local/texlive/2013/texmf-dist/tex/generic/pgf/basiclayer/pgfcorepathconst
ruct.code.tex
File: pgfcorepathconstruct.code.tex 2013/10/07  (rcs-revision 1.29)
\pgf@path@lastx=\dimen171
\pgf@path@lasty=\dimen172
)
(/usr/local/texlive/2013/texmf-dist/tex/generic/pgf/basiclayer/pgfcorepathusage
.code.tex
File: pgfcorepathusage.code.tex 2013/12/13  (rcs-revision 1.23)
\pgf@shorten@end@additional=\dimen173
\pgf@shorten@start@additional=\dimen174
)
(/usr/local/texlive/2013/texmf-dist/tex/generic/pgf/basiclayer/pgfcorescopes.co
de.tex
File: pgfcorescopes.code.tex 2013/10/09  (rcs-revision 1.44)
\pgfpic=\box30
\pgf@hbox=\box31
\pgf@layerbox@main=\box32
\pgf@picture@serial@count=\count133
)
(/usr/local/texlive/2013/texmf-dist/tex/generic/pgf/basiclayer/pgfcoregraphicst
ate.code.tex
File: pgfcoregraphicstate.code.tex 2013/09/19  (rcs-revision 1.11)
\pgflinewidth=\dimen175
)
(/usr/local/texlive/2013/texmf-dist/tex/generic/pgf/basiclayer/pgfcoretransform
ations.code.tex
File: pgfcoretransformations.code.tex 2013/10/10  (rcs-revision 1.17)
\pgf@pt@x=\dimen176
\pgf@pt@y=\dimen177
\pgf@pt@temp=\dimen178
)
(/usr/local/texlive/2013/texmf-dist/tex/generic/pgf/basiclayer/pgfcorequick.cod
e.tex
File: pgfcorequick.code.tex 2008/10/09  (rcs-revision 1.3)
)
(/usr/local/texlive/2013/texmf-dist/tex/generic/pgf/basiclayer/pgfcoreobjects.c
ode.tex
File: pgfcoreobjects.code.tex 2006/10/11  (rcs-revision 1.2)
)
(/usr/local/texlive/2013/texmf-dist/tex/generic/pgf/basiclayer/pgfcorepathproce
ssing.code.tex
File: pgfcorepathprocessing.code.tex 2013/09/09  (rcs-revision 1.9)
)
(/usr/local/texlive/2013/texmf-dist/tex/generic/pgf/basiclayer/pgfcorearrows.co
de.tex
File: pgfcorearrows.code.tex 2013/11/07  (rcs-revision 1.40)
\pgfarrowsep=\dimen179
)
(/usr/local/texlive/2013/texmf-dist/tex/generic/pgf/basiclayer/pgfcoreshade.cod
e.tex
File: pgfcoreshade.code.tex 2013/07/15  (rcs-revision 1.15)
\pgf@max=\dimen180
\pgf@sys@shading@range@num=\count134
)
(/usr/local/texlive/2013/texmf-dist/tex/generic/pgf/basiclayer/pgfcoreimage.cod
e.tex
File: pgfcoreimage.code.tex 2013/07/15  (rcs-revision 1.18)

(/usr/local/texlive/2013/texmf-dist/tex/generic/pgf/basiclayer/pgfcoreexternal.
code.tex
File: pgfcoreexternal.code.tex 2013/07/15  (rcs-revision 1.20)
\pgfexternal@startupbox=\box33
))
(/usr/local/texlive/2013/texmf-dist/tex/generic/pgf/basiclayer/pgfcorelayers.co
de.tex
File: pgfcorelayers.code.tex 2013/07/18  (rcs-revision 1.7)
)
(/usr/local/texlive/2013/texmf-dist/tex/generic/pgf/basiclayer/pgfcoretranspare
ncy.code.tex
File: pgfcoretransparency.code.tex 2013/09/30  (rcs-revision 1.5)
)
(/usr/local/texlive/2013/texmf-dist/tex/generic/pgf/basiclayer/pgfcorepatterns.
code.tex
File: pgfcorepatterns.code.tex 2013/11/07  (rcs-revision 1.5)
)))
(/usr/local/texlive/2013/texmf-dist/tex/generic/pgf/modules/pgfmoduleshapes.cod
e.tex
File: pgfmoduleshapes.code.tex 2013/10/31  (rcs-revision 1.34)
\pgfnodeparttextbox=\box34
)
(/usr/local/texlive/2013/texmf-dist/tex/generic/pgf/modules/pgfmoduleplot.code.
tex
File: pgfmoduleplot.code.tex 2013/07/31  (rcs-revision 1.12)
)
(/usr/local/texlive/2013/texmf-dist/tex/latex/pgf/compatibility/pgfcomp-version
-0-65.sty
Package: pgfcomp-version-0-65 2007/07/03 v3.0.0 (rcs-revision 1.7)
\pgf@nodesepstart=\dimen181
\pgf@nodesepend=\dimen182
)
(/usr/local/texlive/2013/texmf-dist/tex/latex/pgf/compatibility/pgfcomp-version
-1-18.sty
Package: pgfcomp-version-1-18 2007/07/23 v3.0.0 (rcs-revision 1.1)
))
(/usr/local/texlive/2013/texmf-dist/tex/latex/pgf/utilities/pgffor.sty
(/usr/local/texlive/2013/texmf-dist/tex/latex/pgf/utilities/pgfkeys.sty
(/usr/local/texlive/2013/texmf-dist/tex/generic/pgf/utilities/pgfkeys.code.tex)
) (/usr/local/texlive/2013/texmf-dist/tex/latex/pgf/math/pgfmath.sty
(/usr/local/texlive/2013/texmf-dist/tex/generic/pgf/math/pgfmath.code.tex))
(/usr/local/texlive/2013/texmf-dist/tex/generic/pgf/utilities/pgffor.code.tex
Package: pgffor 2013/12/13 v3.0.0 (rcs-revision 1.25)

(/usr/local/texlive/2013/texmf-dist/tex/generic/pgf/math/pgfmath.code.tex)
\pgffor@iter=\dimen183
\pgffor@skip=\dimen184
\pgffor@stack=\toks34
\pgffor@toks=\toks35
))
(/usr/local/texlive/2013/texmf-dist/tex/generic/pgf/frontendlayer/tikz/tikz.cod
e.tex
Package: tikz 2013/12/13 v3.0.0 (rcs-revision 1.142)

(/usr/local/texlive/2013/texmf-dist/tex/generic/pgf/libraries/pgflibraryplothan
dlers.code.tex
File: pgflibraryplothandlers.code.tex 2013/08/31 v3.0.0 (rcs-revision 1.20)
\pgf@plot@mark@count=\count135
\pgfplotmarksize=\dimen185
)
\tikz@lastx=\dimen186
\tikz@lasty=\dimen187
\tikz@lastxsaved=\dimen188
\tikz@lastysaved=\dimen189
\tikzleveldistance=\dimen190
\tikzsiblingdistance=\dimen191
\tikz@figbox=\box35
\tikz@figbox@bg=\box36
\tikz@tempbox=\box37
\tikz@tempbox@bg=\box38
\tikztreelevel=\count136
\tikznumberofchildren=\count137
\tikznumberofcurrentchild=\count138
\tikz@fig@count=\count139

(/usr/local/texlive/2013/texmf-dist/tex/generic/pgf/modules/pgfmodulematrix.cod
e.tex
File: pgfmodulematrix.code.tex 2013/09/17  (rcs-revision 1.8)
\pgfmatrixcurrentrow=\count140
\pgfmatrixcurrentcolumn=\count141
\pgf@matrix@numberofcolumns=\count142
)
\tikz@expandcount=\count143

(/usr/local/texlive/2013/texmf-dist/tex/generic/pgf/frontendlayer/tikz/librarie
s/tikzlibrarytopaths.code.tex
File: tikzlibrarytopaths.code.tex 2008/06/17 v3.0.0 (rcs-revision 1.2)
)))
(/usr/local/texlive/2013/texmf-dist/tex/generic/pgf/frontendlayer/tikz/librarie
s/tikzlibrarypositioning.code.tex
File: tikzlibrarypositioning.code.tex 2008/10/06 v3.0.0 (rcs-revision 1.7)
)
\c@@todonotes@numberoftodonotes=\count144
)
(/usr/local/texlive/2013/texmf-dist/tex/latex/listings/listings.sty
\lst@mode=\count145
\lst@gtempboxa=\box39
\lst@token=\toks36
\lst@length=\count146
\lst@currlwidth=\dimen192
\lst@column=\count147
\lst@pos=\count148
\lst@lostspace=\dimen193
\lst@width=\dimen194
\lst@newlines=\count149
\lst@lineno=\count150
\lst@maxwidth=\dimen195

(/usr/local/texlive/2013/texmf-dist/tex/latex/listings/lstmisc.sty
File: lstmisc.sty 2014/03/04 1.5c (Carsten Heinz)
\c@lstnumber=\count151
\lst@skipnumbers=\count152
\lst@framebox=\box40
)
(/usr/local/texlive/2013/texmf-dist/tex/latex/listings/listings.cfg
File: listings.cfg 2014/03/04 1.5c listings configuration
))
Package: listings 2014/03/04 1.5c (Carsten Heinz)

(/usr/local/texlive/2013/texmf-dist/tex/latex/ms/ragged2e.sty
Package: ragged2e 2009/05/21 v2.1 ragged2e Package (MS)


LaTeX Warning: Command \@arrayparboxrestore  has changed.
               Check if current package is valid.

(/usr/local/texlive/2013/texmf-dist/tex/latex/ms/everysel.sty
Package: everysel 2011/10/28 v1.2 EverySelectfont Package (MS)
)
(/usr/local/texlive/2013/texmf-dist/tex/latex/footmisc/footmisc.sty
Package: footmisc 2011/06/06 v5.5b a miscellany of footnote facilities
\FN@temptoken=\toks37
\footnotemargin=\dimen196
\c@pp@next@reset=\count153
Package footmisc Info: Declaring symbol style bringhurst on input line 855.
Package footmisc Info: Declaring symbol style chicago on input line 863.
Package footmisc Info: Declaring symbol style wiley on input line 872.
Package footmisc Info: Declaring symbol style lamport-robust on input line 883.

Package footmisc Info: Declaring symbol style lamport* on input line 903.
Package footmisc Info: Declaring symbol style lamport*-robust on input line 924
.
)
\CenteringLeftskip=\skip56
\RaggedLeftLeftskip=\skip57
\RaggedRightLeftskip=\skip58
\CenteringRightskip=\skip59
\RaggedLeftRightskip=\skip60
\RaggedRightRightskip=\skip61
\CenteringParfillskip=\skip62
\RaggedLeftParfillskip=\skip63
\RaggedRightParfillskip=\skip64
\JustifyingParfillskip=\skip65
\CenteringParindent=\skip66
\RaggedLeftParindent=\skip67
\RaggedRightParindent=\skip68
\JustifyingParindent=\skip69
)
(/usr/local/texlive/2013/texmf-dist/tex/latex/tocloft/tocloft.sty
Package: tocloft 2013/05/02 v2.3f parameterised ToC, etc., typesetting
Package tocloft Info: The document has chapter divisions on input line 44.
\cftparskip=\skip70
\cftbeforetoctitleskip=\skip71
\cftaftertoctitleskip=\skip72
\cftbeforepartskip=\skip73
\cftpartnumwidth=\skip74
\cftpartindent=\skip75
\cftbeforechapskip=\skip76
\cftchapindent=\skip77
\cftchapnumwidth=\skip78
\cftbeforesecskip=\skip79
\cftsecindent=\skip80
\cftsecnumwidth=\skip81
\cftbeforesubsecskip=\skip82
\cftsubsecindent=\skip83
\cftsubsecnumwidth=\skip84
\cftbeforesubsubsecskip=\skip85
\cftsubsubsecindent=\skip86
\cftsubsubsecnumwidth=\skip87
\cftbeforeparaskip=\skip88
\cftparaindent=\skip89
\cftparanumwidth=\skip90
\cftbeforesubparaskip=\skip91
\cftsubparaindent=\skip92
\cftsubparanumwidth=\skip93
\cftbeforeloftitleskip=\skip94
\cftafterloftitleskip=\skip95
\cftbeforefigskip=\skip96
\cftfigindent=\skip97
\cftfignumwidth=\skip98
\cftbeforelottitleskip=\skip99
\cftafterlottitleskip=\skip100
\cftbeforetabskip=\skip101
\cfttabindent=\skip102
\cfttabnumwidth=\skip103
\cftbeforesubfigskip=\skip104
\cftsubfigindent=\skip105
\cftsubfignumwidth=\skip106
\cftbeforesubtabskip=\skip107
\cftsubtabindent=\skip108
\cftsubtabnumwidth=\skip109
)
(/usr/local/texlive/2013/texmf-dist/tex/latex/tocbibind/tocbibind.sty
Package: tocbibind 2010/10/13 v1.5k extra ToC listings
Package tocbibind Info: The document has chapter divisions on input line 50.


Package tocbibind Note: Using chapter style headings, unless overridden.

) (/usr/local/texlive/2013/texmf-dist/tex/latex/fancyhdr/fancyhdr.sty
\fancy@headwidth=\skip110
\f@ncyO@elh=\skip111
\f@ncyO@erh=\skip112
\f@ncyO@olh=\skip113
\f@ncyO@orh=\skip114
\f@ncyO@elf=\skip115
\f@ncyO@erf=\skip116
\f@ncyO@olf=\skip117
\f@ncyO@orf=\skip118
)

Package Fancyhdr Warning: \fancyfoot's `E' option without twoside option is use
less on input line 263.

(/usr/local/texlive/2013/texmf-dist/tex/latex/chngcntr/chngcntr.sty
Package: chngcntr 2009/09/02 v1.0a change counter resetting
)
(/usr/local/texlive/2013/texmf-dist/tex/latex/hyperref/hyperref.sty
Package: hyperref 2012/11/06 v6.83m Hypertext links for LaTeX

(/usr/local/texlive/2013/texmf-dist/tex/generic/oberdiek/hobsub-hyperref.sty
Package: hobsub-hyperref 2012/05/28 v1.13 Bundle oberdiek, subset hyperref (HO)


(/usr/local/texlive/2013/texmf-dist/tex/generic/oberdiek/hobsub-generic.sty
Package: hobsub-generic 2012/05/28 v1.13 Bundle oberdiek, subset generic (HO)
Package: hobsub 2012/05/28 v1.13 Construct package bundles (HO)
Package hobsub Info: Skipping package `infwarerr' (already loaded).
Package hobsub Info: Skipping package `ltxcmds' (already loaded).
Package: ifluatex 2010/03/01 v1.3 Provides the ifluatex switch (HO)
Package ifluatex Info: LuaTeX not detected.
Package hobsub Info: Skipping package `ifvtex' (already loaded).
Package: intcalc 2007/09/27 v1.1 Expandable calculations with integers (HO)
Package hobsub Info: Skipping package `ifpdf' (already loaded).
Package: etexcmds 2011/02/16 v1.5 Avoid name clashes with e-TeX commands (HO)
Package etexcmds Info: Could not find \expanded.
(etexcmds)             That can mean that you are not using pdfTeX 1.50 or
(etexcmds)             that some package has redefined \expanded.
(etexcmds)             In the latter case, load this package earlier.
Package: kvsetkeys 2012/04/25 v1.16 Key value parser (HO)
Package: kvdefinekeys 2011/04/07 v1.3 Define keys (HO)
Package: pdftexcmds 2011/11/29 v0.20 Utility functions of pdfTeX for LuaTeX (HO
)
Package pdftexcmds Info: LuaTeX not detected.
Package pdftexcmds Info: \pdf@primitive is available.
Package pdftexcmds Info: \pdf@ifprimitive is available.
Package pdftexcmds Info: \pdfdraftmode found.
Package: pdfescape 2011/11/25 v1.13 Implements pdfTeX's escape features (HO)
Package: bigintcalc 2012/04/08 v1.3 Expandable calculations on big integers (HO
)
Package: bitset 2011/01/30 v1.1 Handle bit-vector datatype (HO)
Package: uniquecounter 2011/01/30 v1.2 Provide unlimited unique counter (HO)
)
Package hobsub Info: Skipping package `hobsub' (already loaded).
Package: letltxmacro 2010/09/02 v1.4 Let assignment for LaTeX macros (HO)
Package: hopatch 2012/05/28 v1.2 Wrapper for package hooks (HO)
Package: xcolor-patch 2011/01/30 xcolor patch
Package: atveryend 2011/06/30 v1.8 Hooks at the very end of document (HO)
Package atveryend Info: \enddocument detected (standard20110627).
Package: atbegshi 2011/10/05 v1.16 At begin shipout hook (HO)
Package: refcount 2011/10/16 v3.4 Data extraction from label references (HO)
Package: hycolor 2011/01/30 v1.7 Color options for hyperref/bookmark (HO)
)
(/usr/local/texlive/2013/texmf-dist/tex/latex/oberdiek/auxhook.sty
Package: auxhook 2011/03/04 v1.3 Hooks for auxiliary files (HO)
)
(/usr/local/texlive/2013/texmf-dist/tex/latex/oberdiek/kvoptions.sty
Package: kvoptions 2011/06/30 v3.11 Key value format for package options (HO)
)
\@linkdim=\dimen197
\Hy@linkcounter=\count154
\Hy@pagecounter=\count155

(/usr/local/texlive/2013/texmf-dist/tex/latex/hyperref/pd1enc.def
File: pd1enc.def 2012/11/06 v6.83m Hyperref: PDFDocEncoding definition (HO)
)
\Hy@SavedSpaceFactor=\count156

(/usr/local/texlive/2013/texmf-dist/tex/latex/latexconfig/hyperref.cfg
File: hyperref.cfg 2002/06/06 v1.2 hyperref configuration of TeXLive
)
Package hyperref Info: Option `final' set `true' on input line 4319.
Package hyperref Info: Option `linktocpage' set `true' on input line 4319.
Package hyperref Info: Option `colorlinks' set `true' on input line 4319.
Package hyperref Info: Option `unicode' set `true' on input line 4319.

(/usr/local/texlive/2013/texmf-dist/tex/latex/hyperref/puenc.def
File: puenc.def 2012/11/06 v6.83m Hyperref: PDF Unicode definition (HO)
)
Package hyperref Info: Hyper figures OFF on input line 4443.
Package hyperref Info: Link nesting OFF on input line 4448.
Package hyperref Info: Hyper index ON on input line 4451.
Package hyperref Info: Plain pages OFF on input line 4458.
Package hyperref Info: Backreferencing OFF on input line 4463.
Package hyperref Info: Implicit mode ON; LaTeX internals redefined.
Package hyperref Info: Bookmarks ON on input line 4688.
\c@Hy@tempcnt=\count157

(/usr/local/texlive/2013/texmf-dist/tex/latex/url/url.sty
\Urlmuskip=\muskip11
Package: url 2013/09/16  ver 3.4  Verb mode for urls, etc.
)
LaTeX Info: Redefining \url on input line 5041.
\XeTeXLinkMargin=\dimen198
\Fld@menulength=\count158
\Field@Width=\dimen199
\Fld@charsize=\dimen200
Package hyperref Info: Hyper figures OFF on input line 6295.
Package hyperref Info: Link nesting OFF on input line 6300.
Package hyperref Info: Hyper index ON on input line 6303.
Package hyperref Info: backreferencing OFF on input line 6310.
Package hyperref Info: Link coloring ON on input line 6313.
Package hyperref Info: Link coloring with OCG OFF on input line 6320.
Package hyperref Info: PDF/A mode OFF on input line 6325.
LaTeX Info: Redefining \ref on input line 6365.
LaTeX Info: Redefining \pageref on input line 6369.
\Hy@abspage=\count159
\c@Item=\count160
\c@Hfootnote=\count161
)

Package hyperref Message: Driver (autodetected): hpdftex.

(/usr/local/texlive/2013/texmf-dist/tex/latex/hyperref/hpdftex.def
File: hpdftex.def 2012/11/06 v6.83m Hyperref driver for pdfTeX
\Fld@listcount=\count162
\c@bookmark@seq@number=\count163

(/usr/local/texlive/2013/texmf-dist/tex/latex/oberdiek/rerunfilecheck.sty
Package: rerunfilecheck 2011/04/15 v1.7 Rerun checks for auxiliary files (HO)
Package uniquecounter Info: New unique counter `rerunfilecheck' on input line 2
82.
)
\Hy@SectionHShift=\skip119
)
(/usr/local/texlive/2013/texmf-dist/tex/latex/pdfcomment/pdfcomment.sty
Package: pdfcomment 2012/09/28 pdfcomment.sty v2.3a - Josef Kleber (C) 2008-201
2
\c@pc@count@i=\count164
\c@pc@count@ii=\count165
\c@pc@count@iii=\count166
\c@pc@count@iv=\count167
\pc@mathannot@box=\box41
\pc@dima=\skip120
\pc@dimb=\skip121
\pc@Sposx=\skip122
\pc@Sposy=\skip123
\pc@Eposx=\skip124
\pc@Eposy=\skip125
\pc@column=\skip126
\pc@box@width=\skip127
\pc@box@height=\skip128
\pc@box@depth=\skip129

(/usr/local/texlive/2013/texmf-dist/tex/latex/oberdiek/zref-savepos.sty
Package: zref-savepos 2012/04/04 v2.24 Module savepos for zref (HO)

(/usr/local/texlive/2013/texmf-dist/tex/latex/oberdiek/zref-base.sty
Package: zref-base 2012/04/04 v2.24 Module base for zref (HO)
Package zref Info: New property list: main on input line 759.
Package zref Info: New property: default on input line 760.
Package zref Info: New property: page on input line 761.
)
Package zref Info: New property list: savepos on input line 75.
Package zref Info: New property: posx on input line 76.
Package zref Info: New property: posy on input line 77.
)
\c@zref@unique=\count168

(/usr/local/texlive/2013/texmf-dist/tex/latex/marginnote/marginnote.sty
Package: marginnote 2012/03/29 v1.1i non floating margin notes for LaTeX
\c@mn@abspage=\count169
)
(/usr/local/texlive/2013/texmf-dist/tex/latex/datetime/datetime.sty
Package: datetime 2013/09/10 v2.59 Date Time Package

(/usr/local/texlive/2013/texmf-dist/tex/latex/etoolbox/etoolbox.sty
Package: etoolbox 2011/01/03 v2.1 e-TeX tools for LaTeX
\etb@tempcnta=\count170
)
(/usr/local/texlive/2013/texmf-dist/tex/latex/fmtcount/fmtcount.sty
Package: fmtcount 2013/08/17 v2.03

(/usr/local/texlive/2013/texmf-dist/tex/latex/fmtcount/fcprefix.sty
Package: fcprefix 2012/09/28

(/usr/local/texlive/2013/texmf-dist/tex/latex/fmtcount/fcnumparser.sty
Package: fcnumparser 2012/09/28
\fc@digit@counter=\count171
))
\c@padzeroesN=\count172
\fc@tmpcatcode=\count173

(/usr/local/texlive/2013/texmf-dist/tex/latex/fmtcount/fc-english.def
File: fc-english.def 2013/08/17
)
\@DT@modctr=\count174
\@ordinalctr=\count175
\@orgargctr=\count176
\@strctr=\count177
\@tmpstrctr=\count178
\@DT@loopN=\count179
\@DT@X=\count180
)
(/usr/local/texlive/2013/texmf-dist/tex/latex/datetime/datetime-defaults.sty
Package: datetime-defaults 2013/09/10
)
\@day=\count181
\@month=\count182
\@year=\count183
\c@HOUR=\count184
\c@HOURXII=\count185
\c@MINUTE=\count186
\c@TOHOUR=\count187
\c@TOMINUTE=\count188
\c@SECOND=\count189
\currenthour=\count190
\currentminute=\count191
\currentsecond=\count192
Package datetime Info: No datetime.cfg file found, using default settings on in
put line 308.
\@dtctr=\count193
\dayofyear=\count194
\dayofweek=\count195
LaTeX Info: Redefining \today on input line 736.
\dt@a=\toks38
\dt@b=\toks39
)
(/usr/local/texlive/2013/texmf-dist/tex/latex/bezos/soulpos.sty
Package: soulpos 2012/02/25 v1.0 Fancy underlining
\ulp@subcnt=\count196
\ulp@cnt=\count197
\ulp@out=\write4
\ulp@in=\read2
\ulwidth=\dimen201
)

Package hyperref Warning: Option `pdftex' has already been used,
(hyperref)                setting the option has no effect on input line 1348.

Package zref Info: New property list: pdfcomment on input line 2714.
Package zref Info: New property: PCPDFOBJID on input line 2715.
)) (./intro_to_NREL_latex.aux)
\openout1 = `intro_to_NREL_latex.aux'.

LaTeX Font Info:    Checking defaults for OML/cmm/m/it on input line 28.
LaTeX Font Info:    ... okay on input line 28.
LaTeX Font Info:    Checking defaults for T1/cmr/m/n on input line 28.
LaTeX Font Info:    ... okay on input line 28.
LaTeX Font Info:    Checking defaults for OT1/cmr/m/n on input line 28.
LaTeX Font Info:    ... okay on input line 28.
LaTeX Font Info:    Checking defaults for OMS/cmsy/m/n on input line 28.
LaTeX Font Info:    ... okay on input line 28.
LaTeX Font Info:    Checking defaults for OMX/cmex/m/n on input line 28.
LaTeX Font Info:    ... okay on input line 28.
LaTeX Font Info:    Checking defaults for U/cmr/m/n on input line 28.
LaTeX Font Info:    ... okay on input line 28.
LaTeX Font Info:    Checking defaults for PD1/pdf/m/n on input line 28.
LaTeX Font Info:    ... okay on input line 28.
LaTeX Font Info:    Checking defaults for PU/pdf/m/n on input line 28.
LaTeX Font Info:    ... okay on input line 28.
LaTeX Font Info:    Try loading font information for T1+ptm on input line 28.

(/usr/local/texlive/2013/texmf-dist/tex/latex/psnfss/t1ptm.fd
File: t1ptm.fd 2001/06/04 font definitions for T1/ptm.
)
Package nag Info: Attempting subfig hack.
Package nag Info: OK, equivalent to subfig 1.3, redefining \sf@@@subfloat.

*geometry* driver: auto-detecting
*geometry* detected driver: pdftex
*geometry* verbose mode - [ preamble ] result:
* driver: pdftex
* paper: <default>
* layout: <same size as paper>
* layoutoffset:(h,v)=(0.0pt,0.0pt)
* modes: 
* h-part:(L,W,R)=(72.26999pt, 469.75502pt, 72.26999pt)
* v-part:(T,H,B)=(108.405pt, 614.295pt, 72.26999pt)
* \paperwidth=614.295pt
* \paperheight=794.96999pt
* \textwidth=469.75502pt
* \textheight=614.295pt
* \oddsidemargin=0.0pt
* \evensidemargin=0.0pt
* \topmargin=2.10127pt
* \headheight=9.03374pt
* \headsep=25.0pt
* \topskip=10.0pt
* \footskip=30.0pt
* \marginparwidth=65.0pt
* \marginparsep=11.0pt
* \columnsep=10.0pt
* \skip\footins=9.0pt plus 4.0pt minus 2.0pt
* \hoffset=0.0pt
* \voffset=0.0pt
* \mag=1000
* \@twocolumnfalse
* \@twosidefalse
* \@mparswitchfalse
* \@reversemarginfalse
* (1in=72.27pt=25.4mm, 1cm=28.453pt)

LaTeX Info: Redefining \celsius on input line 28.
Package gensymb Info: Faking symbols for \degree and \celsius on input line 28.


Package gensymb Warning: Not defining \perthousand.

LaTeX Info: Redefining \ohm on input line 28.
Package gensymb Info: Using \upOmega for \ohm on input line 28.

Package gensymb Warning: Not defining \micro.

(/usr/local/texlive/2013/texmf-dist/tex/context/base/supp-pdf.mkii
[Loading MPS to PDF converter (version 2006.09.02).]
\scratchcounter=\count198
\scratchdimen=\dimen202
\scratchbox=\box42
\nofMPsegments=\count199
\nofMParguments=\count200
\everyMPshowfont=\toks40
\MPscratchCnt=\count201
\MPscratchDim=\dimen203
\MPnumerator=\count202
\makeMPintoPDFobject=\count203
\everyMPtoPDFconversion=\toks41
) (/usr/local/texlive/2013/texmf-dist/tex/latex/oberdiek/epstopdf-base.sty
Package: epstopdf-base 2010/02/09 v2.5 Base part for package epstopdf

(/usr/local/texlive/2013/texmf-dist/tex/latex/oberdiek/grfext.sty
Package: grfext 2010/08/19 v1.1 Manage graphics extensions (HO)
)
Package grfext Info: Graphics extension search list:
(grfext)             [.png,.pdf,.jpg,.mps,.jpeg,.jbig2,.jb2,.PNG,.PDF,.JPG,.JPE
G,.JBIG2,.JB2,.eps]
(grfext)             \AppendGraphicsExtensions on input line 452.

(/usr/local/texlive/2013/texmf-dist/tex/latex/latexconfig/epstopdf-sys.cfg
File: epstopdf-sys.cfg 2010/07/13 v1.3 Configuration of (r)epstopdf for TeX Liv
e
))
Package caption Info: Begin \AtBeginDocument code.
Package caption Info: subfig package v1.3 is loaded.
Package caption Info: hyperref package is loaded.
Package caption Info: listings package is loaded.
Package caption Info: End \AtBeginDocument code.

ABD: EveryShipout initializing macros
\c@lstlisting=\count204
Package ragged2e Info: ABD: executing \RaggedRight on input line 28.
 ABD: EverySelectfont initializing macros
LaTeX Info: Redefining \selectfont on input line 28.


Package Fancyhdr Warning: \fancyfoot's `E' option without twoside option is use
less on input line 28.

\AtBeginShipoutBox=\box43
Package hyperref Info: Link coloring ON on input line 28.
(/usr/local/texlive/2013/texmf-dist/tex/latex/hyperref/nameref.sty
Package: nameref 2012/10/27 v2.43 Cross-referencing by name of section

(/usr/local/texlive/2013/texmf-dist/tex/generic/oberdiek/gettitlestring.sty
Package: gettitlestring 2010/12/03 v1.4 Cleanup title references (HO)
)
\c@section@level=\count205
)
LaTeX Info: Redefining \ref on input line 28.
LaTeX Info: Redefining \pageref on input line 28.
LaTeX Info: Redefining \nameref on input line 28.

(./intro_to_NREL_latex.out) (./intro_to_NREL_latex.out)
\@outlinefile=\write5
\openout5 = `intro_to_NREL_latex.out'.

Package marginnote Info: \pdfoutput not 0 and \pdflastxpos available.
(marginnote)             Extended position detection mode activated.
Package soulpos Info: Loading soulutf8 on input line 28.

(/usr/local/texlive/2013/texmf-dist/tex/generic/oberdiek/soulutf8.sty
Package: soulutf8 2007/09/09 v1.0 Permit use of UTF-8 characters in soul (HO)

(/usr/local/texlive/2013/texmf-dist/tex/latex/soul/soul.sty
Package: soul 2003/11/17 v2.4 letterspacing/underlining (mf)
\SOUL@word=\toks42
\SOUL@lasttoken=\toks43
\SOUL@cmds=\toks44
\SOUL@buffer=\toks45
\SOUL@token=\toks46
\SOUL@spaceskip=\skip130
\SOUL@ttwidth=\dimen204
\SOUL@uldp=\dimen205
\SOUL@ulht=\dimen206
))
LaTeX Font Info:    Try loading font information for OT1+ztmcm on input line 30
.

(/usr/local/texlive/2013/texmf-dist/tex/latex/psnfss/ot1ztmcm.fd
File: ot1ztmcm.fd 2000/01/03 Fontinst v1.801 font definitions for OT1/ztmcm.
)
LaTeX Font Info:    Try loading font information for OML+ztmcm on input line 30
.

(/usr/local/texlive/2013/texmf-dist/tex/latex/psnfss/omlztmcm.fd
File: omlztmcm.fd 2000/01/03 Fontinst v1.801 font definitions for OML/ztmcm.
)
LaTeX Font Info:    Try loading font information for OMS+ztmcm on input line 30
.

(/usr/local/texlive/2013/texmf-dist/tex/latex/psnfss/omsztmcm.fd
File: omsztmcm.fd 2000/01/03 Fontinst v1.801 font definitions for OMS/ztmcm.
)
LaTeX Font Info:    Try loading font information for OMX+ztmcm on input line 30
.

(/usr/local/texlive/2013/texmf-dist/tex/latex/psnfss/omxztmcm.fd
File: omxztmcm.fd 2000/01/03 Fontinst v1.801 font definitions for OMX/ztmcm.
)
LaTeX Font Info:    Try loading font information for OT1+ptm on input line 30.

(/usr/local/texlive/2013/texmf-dist/tex/latex/psnfss/ot1ptm.fd
File: ot1ptm.fd 2001/06/04 font definitions for OT1/ptm.
)
LaTeX Font Info:    Font shape `OT1/ptm/bx/n' in size <17.28> not available
(Font)              Font shape `OT1/ptm/b/n' tried instead on input line 30.
LaTeX Font Info:    Font shape `OT1/ptm/bx/n' in size <12> not available
(Font)              Font shape `OT1/ptm/b/n' tried instead on input line 30.
LaTeX Font Info:    Font shape `OT1/ptm/bx/n' in size <10> not available
(Font)              Font shape `OT1/ptm/b/n' tried instead on input line 30.

Underfull \hbox (badness 10000) in paragraph at lines 30--30
 []\T1/ptm/m/n/17.28 Writing NREL doc-u-ments us-ing L[]T[]X 
 []

LaTeX Font Info:    Font shape `OT1/ptm/bx/n' in size <9> not available
(Font)              Font shape `OT1/ptm/b/n' tried instead on input line 30.
LaTeX Font Info:    Font shape `OT1/ptm/bx/n' in size <7> not available
(Font)              Font shape `OT1/ptm/b/n' tried instead on input line 30.

Underfull \hbox (badness 10000) in paragraph at lines 30--30
 [][] 
 []


Underfull \hbox (badness 10000) in paragraph at lines 30--30
 []\T1/ptm/m/n/12 Tuesday 29$[]$ July, 2014 
 []

[1

\openout4 = `intro_to_NREL_latex.upa'.

{/usr/local/texlive/2013/texmf-var/fonts/map/pdftex/updmap/pdftex.map}]
LaTeX Font Info:    Try loading font information for T1+phv on input line 31.

(/usr/local/texlive/2013/texmf-dist/tex/latex/psnfss/t1phv.fd
File: t1phv.fd 2001/06/04 scalable font definitions for T1/phv.
)
LaTeX Font Info:    Font shape `T1/phv/bx/n' in size <14.4> not available
(Font)              Font shape `T1/phv/b/n' tried instead on input line 31.
LaTeX Font Info:    Font shape `OT1/ptm/bx/n' in size <7.4> not available
(Font)              Font shape `OT1/ptm/b/n' tried instead on input line 32.
LaTeX Font Info:    Font shape `OT1/ptm/bx/n' in size <6> not available
(Font)              Font shape `OT1/ptm/b/n' tried instead on input line 32.


Package Fancyhdr Warning: \fancyfoot's `E' option without twoside option is use
less on input line 34.


Underfull \hbox (badness 10000) has occurred while \output is active
 [] 
 []


Underfull \hbox (badness 10000) has occurred while \output is active
 []
 []


Underfull \hbox (badness 10000) has occurred while \output is active
 []\T1/ptm/m/n/10 iii 
 []

LaTeX Font Info:    Try loading font information for T1+pcr on input line 34.
(/usr/local/texlive/2013/texmf-dist/tex/latex/psnfss/t1pcr.fd
File: t1pcr.fd 2001/06/04 font definitions for T1/pcr.
)
Underfull \hbox (badness 10000) has occurred while \output is active
 [][]\T1/ptm/m/n/10 This re-port is avail-able at no cost from the National Ren
ewable 
 []


Underfull \hbox (badness 10000) has occurred while \output is active
 \T1/ptm/m/n/10 Energy Laboratory at [][][][]$\T1/pcr/m/n/10 www . nrel . gov /
 publications$[][][]| 
 []


Underfull \hbox (badness 10000) has occurred while \output is active
 []
 []

[3


]

Package Fancyhdr Warning: \fancyfoot's `E' option without twoside option is use
less on input line 41.


Underfull \hbox (badness 10000) has occurred while \output is active
 [] 
 []


Underfull \hbox (badness 10000) has occurred while \output is active
 []
 []


Underfull \hbox (badness 10000) has occurred while \output is active
 []\T1/ptm/m/n/10 iv 
 []


Underfull \hbox (badness 10000) has occurred while \output is active
 [][]\T1/ptm/m/n/10 This re-port is avail-able at no cost from the National Ren
ewable 
 []


Underfull \hbox (badness 10000) has occurred while \output is active
 \T1/ptm/m/n/10 Energy Laboratory at [][][][]$\T1/pcr/m/n/10 www . nrel . gov /
 publications$[][][]| 
 []


Underfull \hbox (badness 10000) has occurred while \output is active
 []
 []

[4

] (./intro_to_NREL_latex.toc
LaTeX Font Info:    Font shape `T1/ptm/bx/n' in size <10> not available
(Font)              Font shape `T1/ptm/b/n' tried instead on input line 2.
LaTeX Font Info:    Font shape `T1/ptm/bx/n' in size <7.4> not available
(Font)              Font shape `T1/ptm/b/n' tried instead on input line 5.


Package Fancyhdr Warning: \fancyfoot's `E' option without twoside option is use
less on input line 43.


Underfull \hbox (badness 10000) has occurred while \output is active
 [] 
 []


Underfull \hbox (badness 10000) has occurred while \output is active
 []
 []


Underfull \hbox (badness 10000) has occurred while \output is active
 []\T1/ptm/m/n/10 v 
 []


Underfull \hbox (badness 10000) has occurred while \output is active
 [][]\T1/ptm/m/n/10 This re-port is avail-able at no cost from the National Ren
ewable 
 []


Underfull \hbox (badness 10000) has occurred while \output is active
 \T1/ptm/m/n/10 Energy Laboratory at [][][][]$\T1/pcr/m/n/10 www . nrel . gov /
 publications$[][][]| 
 []


Underfull \hbox (badness 10000) has occurred while \output is active
 []
 []

[5

])
\tf@toc=\write6
\openout6 = `intro_to_NREL_latex.toc'.


Underfull \hbox (badness 10000) has occurred while \output is active
 [] 
 []


Underfull \hbox (badness 10000) has occurred while \output is active
 []
 []


Underfull \hbox (badness 10000) has occurred while \output is active
 []\T1/ptm/m/n/10 vi 
 []


Underfull \hbox (badness 10000) has occurred while \output is active
 [][]\T1/ptm/m/n/10 This re-port is avail-able at no cost from the National Ren
ewable 
 []


Underfull \hbox (badness 10000) has occurred while \output is active
 \T1/ptm/m/n/10 Energy Laboratory at [][][][]$\T1/pcr/m/n/10 www . nrel . gov /
 publications$[][][]| 
 []


Underfull \hbox (badness 10000) has occurred while \output is active
 []
 []

[6] (./intro_to_NREL_latex.lof)
\tf@lof=\write7
\openout7 = `intro_to_NREL_latex.lof'.

 (./intro_to_NREL_latex.lot
LaTeX Font Info:    Font shape `T1/phv/m/it' in size <10> not available
(Font)              Font shape `T1/phv/m/sl' tried instead on input line 6.
)
\tf@lot=\write8
\openout8 = `intro_to_NREL_latex.lot'.



Package Fancyhdr Warning: \fancyfoot's `E' option without twoside option is use
less on input line 47.


Underfull \hbox (badness 10000) has occurred while \output is active
 [] 
 []


Underfull \hbox (badness 10000) has occurred while \output is active
 []
 []


Underfull \hbox (badness 10000) has occurred while \output is active
 []\T1/ptm/m/n/10 vii 
 []


Underfull \hbox (badness 10000) has occurred while \output is active
 [][]\T1/ptm/m/n/10 This re-port is avail-able at no cost from the National Ren
ewable 
 []


Underfull \hbox (badness 10000) has occurred while \output is active
 \T1/ptm/m/n/10 Energy Laboratory at [][][][]$\T1/pcr/m/n/10 www . nrel . gov /
 publications$[][][]| 
 []


Underfull \hbox (badness 10000) has occurred while \output is active
 []
 []

[7

]
Chapter 1.

Overfull \hbox (24.94325pt too wide) in paragraph at lines 57--58
\T1/ptm/m/n/10 The NREL in-house style is de-scribed at [][]$\T1/pcr/m/n/10 htt
p : / / www . nrel . gov / extranet / communications / styleguide . 
 []


Package Fancyhdr Warning: \fancyfoot's `E' option without twoside option is use
less on input line 64.


Underfull \hbox (badness 10000) has occurred while \output is active
 [] 
 []


Underfull \hbox (badness 10000) has occurred while \output is active
 []
 []


Underfull \hbox (badness 10000) has occurred while \output is active
 []\T1/ptm/m/n/10 1 
 []


Underfull \hbox (badness 10000) has occurred while \output is active
 [][]\T1/ptm/m/n/10 This re-port is avail-able at no cost from the National Ren
ewable 
 []


Underfull \hbox (badness 10000) has occurred while \output is active
 \T1/ptm/m/n/10 Energy Laboratory at [][][][]$\T1/pcr/m/n/10 www . nrel . gov /
 publications$[][][]| 
 []


Underfull \hbox (badness 10000) has occurred while \output is active
 []
 []

pdfTeX warning (ext4): destination with the same identifier (name{page.1}) has 
been already used, duplicate ignored
<to be read again> 
                   \relax 
l.64 \chapter
             {How to make \LaTeX\ documents that meet NREL's requirements}
[1


]
Chapter 2.
LaTeX Font Info:    Calculating math sizes for size <14> on input line 64.
LaTeX Font Info:    Font shape `OT1/ptm/bx/n' in size <14> not available
(Font)              Font shape `OT1/ptm/b/n' tried instead on input line 64.
LaTeX Font Info:    Font shape `OT1/ptm/bx/n' in size <10.36008> not available
(Font)              Font shape `OT1/ptm/b/n' tried instead on input line 64.
LaTeX Font Info:    Font shape `OT1/ptm/bx/n' in size <8.40009> not available
(Font)              Font shape `OT1/ptm/b/n' tried instead on input line 64.
LaTeX Font Info:    Font shape `T1/phv/bx/n' in size <9> not available
(Font)              Font shape `T1/phv/b/n' tried instead on input line 85.
LaTeX Font Info:    Font shape `OT1/ptm/bx/n' in size <5> not available
(Font)              Font shape `OT1/ptm/b/n' tried instead on input line 85.
LaTeX Font Info:    Font shape `T1/phv/bx/n' in size <7> not available
(Font)              Font shape `T1/phv/b/n' tried instead on input line 85.

Underfull \hbox (badness 10000) in paragraph at lines 85--85
 []\T1/phv/b/n/9 Table 1. |NREL's pro-cess for pro-duc-ing and re-view-ing L[]T
[]X files| 
 []

LaTeX Font Info:    Try loading font information for OMS+ptm on input line 96.
(/usr/local/texlive/2013/texmf-dist/tex/latex/psnfss/omsptm.fd
File: omsptm.fd 
)
LaTeX Font Info:    Font shape `OMS/ptm/m/n' in size <10> not available
(Font)              Font shape `OMS/cmsy/m/n' tried instead on input line 96.

Underfull \hbox (badness 10000) in alignment at lines 87--105
[][][][]
 []

LaTeX Font Info:    Font shape `T1/phv/bx/n' in size <10> not available
(Font)              Font shape `T1/phv/b/n' tried instead on input line 111.
LaTeX Font Info:    Font shape `T1/phv/bx/sl' in size <10> not available
(Font)              Font shape `T1/phv/b/sl' tried instead on input line 111.

Package Fancyhdr Warning: \fancyfoot's `E' option without twoside option is use
less on input line 116.


Underfull \hbox (badness 10000) has occurred while \output is active
 [] 
 []


Underfull \hbox (badness 10000) has occurred while \output is active
 []
 []


Underfull \hbox (badness 10000) has occurred while \output is active
 []\T1/ptm/m/n/10 2 
 []


Underfull \hbox (badness 10000) has occurred while \output is active
 [][]\T1/ptm/m/n/10 This re-port is avail-able at no cost from the National Ren
ewable 
 []


Underfull \hbox (badness 10000) has occurred while \output is active
 \T1/ptm/m/n/10 Energy Laboratory at [][][][]$\T1/pcr/m/n/10 www . nrel . gov /
 publications$[][][]| 
 []


Underfull \hbox (badness 10000) has occurred while \output is active
 []
 []

[2

]
LaTeX Font Info:    Font shape `T1/phv/bx/it' in size <9> not available
(Font)              Font shape `T1/phv/b/it' tried instead on input line 157.
LaTeX Font Info:    Font shape `T1/phv/b/it' in size <9> not available
(Font)              Font shape `T1/phv/b/sl' tried instead on input line 157.
LaTeX Font Info:    Font shape `T1/pcr/bx/n' in size <9> not available
(Font)              Font shape `T1/pcr/b/n' tried instead on input line 157.

Underfull \hbox (badness 10000) in paragraph at lines 157--157
 []\T1/phv/b/n/9 Table 2. |Pack-ages sup-ported by the \T1/phv/b/sl/9 nrel.cls 
\T1/phv/b/n/9 class. Un-less oth- 
 []


Underfull \hbox (badness 10000) in paragraph at lines 157--157
 \T1/phv/b/n/9 er-wise stated, pack-ages are not sup-ported by \T1/pcr/b/n/9 la
tex2rtf\T1/phv/b/n/9 .| 
 []


Underfull \hbox (badness 10000) in alignment at lines 159--185
[][][][]
 []


LaTeX Warning: `!h' float specifier changed to `!ht'.


Underfull \hbox (badness 10000) has occurred while \output is active
 [] 
 []


Underfull \hbox (badness 10000) has occurred while \output is active
 []
 []


Underfull \hbox (badness 10000) has occurred while \output is active
 []\T1/ptm/m/n/10 3 
 []


Underfull \hbox (badness 10000) has occurred while \output is active
 [][]\T1/ptm/m/n/10 This re-port is avail-able at no cost from the National Ren
ewable 
 []


Underfull \hbox (badness 10000) has occurred while \output is active
 \T1/ptm/m/n/10 Energy Laboratory at [][][][]$\T1/pcr/m/n/10 www . nrel . gov /
 publications$[][][]| 
 []


Underfull \hbox (badness 10000) has occurred while \output is active
 []
 []

[3]
Overfull \hbox (29.77237pt too wide) in paragraph at lines 191--192
[]\T1/ptm/m/n/10 This change in page and float num-ber-ing is im-ple-mented us-
ing the []\T1/pcr/m/n/10 \frontmatter\T1/ptm/m/n/10 , []\T1/pcr/m/n/10 \mainmat
ter\T1/ptm/m/n/10 , and []\T1/pcr/m/n/10 \backmatter 
 []


Underfull \hbox (badness 10000) has occurred while \output is active
 [] 
 []


Underfull \hbox (badness 10000) has occurred while \output is active
 []
 []


Underfull \hbox (badness 10000) has occurred while \output is active
 []\T1/ptm/m/n/10 4 
 []


Underfull \hbox (badness 10000) has occurred while \output is active
 [][]\T1/ptm/m/n/10 This re-port is avail-able at no cost from the National Ren
ewable 
 []


Underfull \hbox (badness 10000) has occurred while \output is active
 \T1/ptm/m/n/10 Energy Laboratory at [][][][]$\T1/pcr/m/n/10 www . nrel . gov /
 publications$[][][]| 
 []


Underfull \hbox (badness 10000) has occurred while \output is active
 []
 []

[4]
Overfull \hbox (64.32234pt too wide) in paragraph at lines 216--217
\T1/ptm/m/n/10 Use \T1/pcr/m/n/10 bibtex \T1/ptm/m/n/10 to or-ga-nize ref-er-en
ces and store them in a sin-gle file (e.g. []\T1/pcr/m/n/10 /Documents/bibliogr
aphy/bibliography.bib\T1/ptm/m/n/10 ). 
 []


Underfull \hbox (badness 10000) has occurred while \output is active
 [] 
 []


Underfull \hbox (badness 10000) has occurred while \output is active
 []
 []


Underfull \hbox (badness 10000) has occurred while \output is active
 []\T1/ptm/m/n/10 5 
 []


Underfull \hbox (badness 10000) has occurred while \output is active
 [][]\T1/ptm/m/n/10 This re-port is avail-able at no cost from the National Ren
ewable 
 []


Underfull \hbox (badness 10000) has occurred while \output is active
 \T1/ptm/m/n/10 Energy Laboratory at [][][][]$\T1/pcr/m/n/10 www . nrel . gov /
 publications$[][][]| 
 []


Underfull \hbox (badness 10000) has occurred while \output is active
 []
 []

[5]
Underfull \hbox (badness 10000) has occurred while \output is active
 [] 
 []


Underfull \hbox (badness 10000) has occurred while \output is active
 []
 []


Underfull \hbox (badness 10000) has occurred while \output is active
 []\T1/ptm/m/n/10 6 
 []


Underfull \hbox (badness 10000) has occurred while \output is active
 [][]\T1/ptm/m/n/10 This re-port is avail-able at no cost from the National Ren
ewable 
 []


Underfull \hbox (badness 10000) has occurred while \output is active
 \T1/ptm/m/n/10 Energy Laboratory at [][][][]$\T1/pcr/m/n/10 www . nrel . gov /
 publications$[][][]| 
 []


Underfull \hbox (badness 10000) has occurred while \output is active
 []
 []

[6]
Underfull \hbox (badness 10000) has occurred while \output is active
 [] 
 []


Underfull \hbox (badness 10000) has occurred while \output is active
 []
 []


Underfull \hbox (badness 10000) has occurred while \output is active
 []\T1/ptm/m/n/10 7 
 []


Underfull \hbox (badness 10000) has occurred while \output is active
 [][]\T1/ptm/m/n/10 This re-port is avail-able at no cost from the National Ren
ewable 
 []


Underfull \hbox (badness 10000) has occurred while \output is active
 \T1/ptm/m/n/10 Energy Laboratory at [][][][]$\T1/pcr/m/n/10 www . nrel . gov /
 publications$[][][]| 
 []


Underfull \hbox (badness 10000) has occurred while \output is active
 []
 []

[7]
Chapter 3.

Package Fancyhdr Warning: \fancyfoot's `E' option without twoside option is use
less on input line 361.


Underfull \hbox (badness 10000) has occurred while \output is active
 [] 
 []


Underfull \hbox (badness 10000) has occurred while \output is active
 []
 []


Underfull \hbox (badness 10000) has occurred while \output is active
 []\T1/ptm/m/n/10 8 
 []


Underfull \hbox (badness 10000) has occurred while \output is active
 [][]\T1/ptm/m/n/10 This re-port is avail-able at no cost from the National Ren
ewable 
 []


Underfull \hbox (badness 10000) has occurred while \output is active
 \T1/ptm/m/n/10 Energy Laboratory at [][][][]$\T1/pcr/m/n/10 www . nrel . gov /
 publications$[][][]| 
 []


Underfull \hbox (badness 10000) has occurred while \output is active
 []
 []

[8

]
Underfull \hbox (badness 10000) in paragraph at lines 404--404
 []\T1/phv/b/n/9 Table 3. |[]An ex-am-ple ta-ble.| 
 []


Underfull \hbox (badness 10000) in paragraph at lines 405--410
 [][] 
 []


Underfull \hbox (badness 10000) has occurred while \output is active
 [] 
 []


Underfull \hbox (badness 10000) has occurred while \output is active
 []
 []


Underfull \hbox (badness 10000) has occurred while \output is active
 []\T1/ptm/m/n/10 9 
 []


Underfull \hbox (badness 10000) has occurred while \output is active
 [][]\T1/ptm/m/n/10 This re-port is avail-able at no cost from the National Ren
ewable 
 []


Underfull \hbox (badness 10000) has occurred while \output is active
 \T1/ptm/m/n/10 Energy Laboratory at [][][][]$\T1/pcr/m/n/10 www . nrel . gov /
 publications$[][][]| 
 []


Underfull \hbox (badness 10000) has occurred while \output is active
 []
 []

[9]
Overfull \hbox (16.21118pt too wide) in paragraph at lines 425--426
\T1/ptm/m/n/10 Subfigures are im-ple-mented us-ing the \T1/pcr/m/n/10 subfig \T
1/ptm/m/n/10 pack-age. Al-though this pack-age is dep-re-cated (ap-par-ently \T
1/pcr/m/n/10 subcaption 
 []

<21206.png, id=434, 252.945pt x 189.8292pt>
File: 21206.png Graphic file (type png)
 <use 21206.png>
Package pdftex.def Info: 21206.png used on input line 448.
(pdftex.def)             Requested size: 240.7441pt x 180.67499pt.

<20018.png, id=435, 252.945pt x 258.2448pt>
File: 20018.png Graphic file (type png)
 <use 20018.png>
Package pdftex.def Info: 20018.png used on input line 451.
(pdftex.def)             Requested size: 176.97151pt x 180.67499pt.

Underfull \hbox (badness 10000) in paragraph at lines 453--453
 []\T1/phv/b/n/9 Figure 1. |NREL im-ages| 
 []


LaTeX Warning: `!h' float specifier changed to `!ht'.


Underfull \hbox (badness 10000) has occurred while \output is active
 [] 
 []


Underfull \hbox (badness 10000) has occurred while \output is active
 []
 []


Underfull \hbox (badness 10000) has occurred while \output is active
 []\T1/ptm/m/n/10 10 
 []


Underfull \hbox (badness 10000) has occurred while \output is active
 [][]\T1/ptm/m/n/10 This re-port is avail-able at no cost from the National Ren
ewable 
 []


Underfull \hbox (badness 10000) has occurred while \output is active
 \T1/ptm/m/n/10 Energy Laboratory at [][][][]$\T1/pcr/m/n/10 www . nrel . gov /
 publications$[][][]| 
 []


Underfull \hbox (badness 10000) has occurred while \output is active
 []
 []

[10]
Underfull \hbox (badness 10000) has occurred while \output is active
 [] 
 []


Underfull \hbox (badness 10000) has occurred while \output is active
 []
 []


Underfull \hbox (badness 10000) has occurred while \output is active
 []\T1/ptm/m/n/10 11 
 []


Underfull \hbox (badness 10000) has occurred while \output is active
 [][]\T1/ptm/m/n/10 This re-port is avail-able at no cost from the National Ren
ewable 
 []


Underfull \hbox (badness 10000) has occurred while \output is active
 \T1/ptm/m/n/10 Energy Laboratory at [][][][]$\T1/pcr/m/n/10 www . nrel . gov /
 publications$[][][]| 
 []


Underfull \hbox (badness 10000) has occurred while \output is active
 []
 []

[11 <./21206.png> <./20018.png>]
Chapter 4.

Package Fancyhdr Warning: \fancyfoot's `E' option without twoside option is use
less on input line 533.


Underfull \hbox (badness 10000) has occurred while \output is active
 [] 
 []


Underfull \hbox (badness 10000) has occurred while \output is active
 []
 []


Underfull \hbox (badness 10000) has occurred while \output is active
 []\T1/ptm/m/n/10 12 
 []


Underfull \hbox (badness 10000) has occurred while \output is active
 [][]\T1/ptm/m/n/10 This re-port is avail-able at no cost from the National Ren
ewable 
 []


Underfull \hbox (badness 10000) has occurred while \output is active
 \T1/ptm/m/n/10 Energy Laboratory at [][][][]$\T1/pcr/m/n/10 www . nrel . gov /
 publications$[][][]| 
 []


Underfull \hbox (badness 10000) has occurred while \output is active
 []
 []

[12

]
Overfull \hbox (14.69273pt too wide) in paragraph at lines 534--535
\T1/ptm/m/n/10 Because \T1/pcr/m/n/10 latex2rtf \T1/ptm/m/n/10 only knows a sub
-set of L[]T[]X, it is im-por-tant to ac-count for this when prepar-ing a L[]T[
]Xdocument. 
 []


Overfull \hbox (16.24498pt too wide) in paragraph at lines 584--584
[]\T1/pcr/m/n/10 % redefine \pdftooltip so that it behaves differently with and
 without latextortf[] 
 []


Underfull \hbox (badness 10000) has occurred while \output is active
 [] 
 []


Underfull \hbox (badness 10000) has occurred while \output is active
 []
 []


Underfull \hbox (badness 10000) has occurred while \output is active
 []\T1/ptm/m/n/10 13 
 []


Underfull \hbox (badness 10000) has occurred while \output is active
 [][]\T1/ptm/m/n/10 This re-port is avail-able at no cost from the National Ren
ewable 
 []


Underfull \hbox (badness 10000) has occurred while \output is active
 \T1/ptm/m/n/10 Energy Laboratory at [][][][]$\T1/pcr/m/n/10 www . nrel . gov /
 publications$[][][]| 
 []


Underfull \hbox (badness 10000) has occurred while \output is active
 []
 []

[13]
Underfull \hbox (badness 10000) has occurred while \output is active
 [] 
 []


Underfull \hbox (badness 10000) has occurred while \output is active
 []
 []


Underfull \hbox (badness 10000) has occurred while \output is active
 []\T1/ptm/m/n/10 14 
 []


Underfull \hbox (badness 10000) has occurred while \output is active
 [][]\T1/ptm/m/n/10 This re-port is avail-able at no cost from the National Ren
ewable 
 []


Underfull \hbox (badness 10000) has occurred while \output is active
 \T1/ptm/m/n/10 Energy Laboratory at [][][][]$\T1/pcr/m/n/10 www . nrel . gov /
 publications$[][][]| 
 []


Underfull \hbox (badness 10000) has occurred while \output is active
 []
 []

[14]
Chapter 5.
Package marginnote Info: Margin note 21.1 is on absolute page 21
(marginnote)              on input line 636.
Package marginnote Info: right page because not two side mode on input line 636
.
Package marginnote Info: xpos seems to be 282.24661pt,
(marginnote)             \marginnoterightadjust ignored on input line 636.

Package Fancyhdr Warning: \fancyfoot's `E' option without twoside option is use
less on input line 641.


Underfull \hbox (badness 10000) has occurred while \output is active
 [] 
 []


Underfull \hbox (badness 10000) has occurred while \output is active
 []
 []


Underfull \hbox (badness 10000) has occurred while \output is active
 []\T1/ptm/m/n/10 15 
 []


Underfull \hbox (badness 10000) has occurred while \output is active
 [][]\T1/ptm/m/n/10 This re-port is avail-able at no cost from the National Ren
ewable 
 []


Underfull \hbox (badness 10000) has occurred while \output is active
 \T1/ptm/m/n/10 Energy Laboratory at [][][][]$\T1/pcr/m/n/10 www . nrel . gov /
 publications$[][][]| 
 []


Underfull \hbox (badness 10000) has occurred while \output is active
 []
 []

[15

]
File: 21206.png Graphic file (type png)
 <use 21206.png>
Package pdftex.def Info: 21206.png used on input line 675.
(pdftex.def)             Requested size: 240.7441pt x 180.67499pt.
File: 21206.png Graphic file (type png)
 <use 21206.png>
Package pdftex.def Info: 21206.png used on input line 675.
(pdftex.def)             Requested size: 240.7441pt x 180.67499pt.
File: 21206.png Graphic file (type png)
 <use 21206.png>
Package pdftex.def Info: 21206.png used on input line 675.
(pdftex.def)             Requested size: 240.7441pt x 180.67499pt.
File: 21206.png Graphic file (type png)
 <use 21206.png>
Package pdftex.def Info: 21206.png used on input line 675.
(pdftex.def)             Requested size: 240.7441pt x 180.67499pt.
File: 20018.png Graphic file (type png)

<use 20018.png>
Package pdftex.def Info: 20018.png used on input line 678.
(pdftex.def)             Requested size: 176.97151pt x 180.67499pt.

Underfull \hbox (badness 10000) in paragraph at lines 680--680
 []\T1/phv/b/n/9 Figure 2. |NREL im-ages| 
 []


Underfull \hbox (badness 10000) has occurred while \output is active
 [] 
 []


Underfull \hbox (badness 10000) has occurred while \output is active
 []
 []


Underfull \hbox (badness 10000) has occurred while \output is active
 []\T1/ptm/m/n/10 16 
 []


Underfull \hbox (badness 10000) has occurred while \output is active
 [][]\T1/ptm/m/n/10 This re-port is avail-able at no cost from the National Ren
ewable 
 []


Underfull \hbox (badness 10000) has occurred while \output is active
 \T1/ptm/m/n/10 Energy Laboratory at [][][][]$\T1/pcr/m/n/10 www . nrel . gov /
 publications$[][][]| 
 []


Underfull \hbox (badness 10000) has occurred while \output is active
 []
 []

[16]
Underfull \hbox (badness 10000) has occurred while \output is active
 [] 
 []


Underfull \hbox (badness 10000) has occurred while \output is active
 []
 []


Underfull \hbox (badness 10000) has occurred while \output is active
 []\T1/ptm/m/n/10 17 
 []


Underfull \hbox (badness 10000) has occurred while \output is active
 [][]\T1/ptm/m/n/10 This re-port is avail-able at no cost from the National Ren
ewable 
 []


Underfull \hbox (badness 10000) has occurred while \output is active
 \T1/ptm/m/n/10 Energy Laboratory at [][][][]$\T1/pcr/m/n/10 www . nrel . gov /
 publications$[][][]| 
 []


Underfull \hbox (badness 10000) has occurred while \output is active
 []
 []

[17] (./intro_to_NREL_latex.bbl)
No complaints by nag.

Package Fancyhdr Warning: \fancyfoot's `E' option without twoside option is use
less on input line 706.


Underfull \hbox (badness 10000) has occurred while \output is active
 [] 
 []


Underfull \hbox (badness 10000) has occurred while \output is active
 []
 []


Underfull \hbox (badness 10000) has occurred while \output is active
 []\T1/ptm/m/n/10 18 
 []


Underfull \hbox (badness 10000) has occurred while \output is active
 [][]\T1/ptm/m/n/10 This re-port is avail-able at no cost from the National Ren
ewable 
 []


Underfull \hbox (badness 10000) has occurred while \output is active
 \T1/ptm/m/n/10 Energy Laboratory at [][][][]$\T1/pcr/m/n/10 www . nrel . gov /
 publications$[][][]| 
 []


Underfull \hbox (badness 10000) has occurred while \output is active
 []
 []

[18


]
Package atveryend Info: Empty hook `BeforeClearDocument' on input line 706.
Package atveryend Info: Empty hook `AfterLastShipout' on input line 706.
 (./intro_to_NREL_latex.aux
* soulpos - computing points - it may take a few seconds *
\openout4 = `intro_to_NREL_latex.upb'.


(./intro_to_NREL_latex.upa))
Package atveryend Info: Executing hook `AtVeryEndDocument' on input line 706.
Package atveryend Info: Executing hook `AtEndAfterFileList' on input line 706.
Package rerunfilecheck Info: File `intro_to_NREL_latex.out' has not changed.
(rerunfilecheck)             Checksum: CC6A3536E65367C000CDD9920E5E1D4B;7000.
Package atveryend Info: Empty hook `AtVeryVeryEnd' on input line 706.
 ) 
Here is how much of TeX's memory you used:
 27368 strings out of 493308
 476476 string characters out of 6137816
 557208 words of memory out of 5000000
 30137 multiletter control sequences out of 15000+600000
 109433 words of font info for 165 fonts, out of 8000000 for 9000
 973 hyphenation exceptions out of 8191
 69i,13n,85p,1044b,665s stack positions out of 5000i,500n,10000p,200000b,80000s
{/usr/local/texlive/2013/texmf-dist/fonts/enc/dvips/base/8r.enc}</usr/local/t
exlive/2013/texmf-dist/fonts/type1/public/amsfonts/cm/cmmi10.pfb></usr/local/te
xlive/2013/texmf-dist/fonts/type1/public/amsfonts/cm/cmr10.pfb></usr/local/texl
ive/2013/texmf-dist/fonts/type1/public/amsfonts/cm/cmsy10.pfb></usr/local/texli
ve/2013/texmf-dist/fonts/type1/public/amsfonts/symbols/msam10.pfb></usr/local/t
exlive/2013/texmf-dist/fonts/type1/public/rsfs/rsfs10.pfb></usr/local/texlive/2
013/texmf-dist/fonts/type1/urw/courier/ucrb8a.pfb></usr/local/texlive/2013/texm
f-dist/fonts/type1/urw/courier/ucrr8a.pfb></usr/local/texlive/2013/texmf-dist/f
onts/type1/urw/helvetic/uhvb8a.pfb></usr/local/texlive/2013/texmf-dist/fonts/ty
pe1/urw/helvetic/uhvbo8a.pfb></usr/local/texlive/2013/texmf-dist/fonts/type1/ur
w/helvetic/uhvr8a.pfb></usr/local/texlive/2013/texmf-dist/fonts/type1/urw/helve
tic/uhvro8a.pfb></usr/local/texlive/2013/texmf-dist/fonts/type1/urw/symbol/usyr
.pfb></usr/local/texlive/2013/texmf-dist/fonts/type1/urw/symbol/usyr.pfb></usr/
local/texlive/2013/texmf-dist/fonts/type1/urw/times/utmb8a.pfb></usr/local/texl
ive/2013/texmf-dist/fonts/type1/urw/times/utmr8a.pfb></usr/local/texlive/2013/t
exmf-dist/fonts/type1/urw/times/utmri8a.pfb>
Output written on intro_to_NREL_latex.pdf (24 pages, 2982725 bytes).
PDF statistics:
 612 PDF objects out of 1000 (max. 8388607)
 561 compressed objects within 6 object streams
 123 named destinations out of 1000 (max. 500000)
 367 words of extra memory for PDF output out of 10000 (max. 10000000)

