\BOOKMARK [0][-]{chapter.1}{\376\377\000R\000e\000q\000u\000i\000r\000e\000m\000e\000n\000t\000s\000\040\000f\000o\000r\000\040\000N\000R\000E\000L\000\040\000d\000o\000c\000u\000m\000e\000n\000t\000s}{}% 1
\BOOKMARK [1][-]{section.1.1}{\376\377\000U\000s\000e\000\040\000o\000f\000\040\000e\000n\000g\000l\000i\000s\000h\000\040\000a\000n\000d\000\040\000o\000t\000h\000e\000r\000\040\000c\000o\000n\000v\000e\000n\000t\000i\000o\000n\000s}{chapter.1}% 2
\BOOKMARK [1][-]{section.1.2}{\376\377\000F\000o\000r\000m\000a\000t\000t\000i\000n\000g}{chapter.1}% 3
\BOOKMARK [0][-]{chapter.2}{\376\377\000H\000o\000w\000\040\000t\000o\000\040\000m\000a\000k\000e\000\040\000L\000a\000T\000e\000X\000\040\000d\000o\000c\000u\000m\000e\000n\000t\000s\000\040\000t\000h\000a\000t\000\040\000m\000e\000e\000t\000\040\000N\000R\000E\000L\000'\000s\000\040\000r\000e\000q\000u\000i\000r\000e\000m\000e\000n\000t\000s}{}% 4
\BOOKMARK [1][-]{section.2.1}{\376\377\000W\000h\000a\000t\000\040\000i\000s\000\040\000L\000a\000T\000e\000X\000?}{chapter.2}% 5
\BOOKMARK [1][-]{section.2.2}{\376\377\000G\000e\000n\000e\000r\000a\000l\000\040\000P\000r\000o\000c\000e\000s\000s}{chapter.2}% 6
\BOOKMARK [1][-]{section.2.3}{\376\377\000T\000h\000e\000\040\000N\000R\000E\000L\000\040\000L\000a\000T\000e\000X\000\040\000s\000t\000y\000l\000e\000\040\000f\000i\000l\000e}{chapter.2}% 7
\BOOKMARK [2][-]{subsection.2.3.1}{\376\377\000G\000e\000t\000t\000i\000n\000g\000\040\000n\000r\000e\000l\000.\000c\000l\000s}{section.2.3}% 8
\BOOKMARK [2][-]{subsection.2.3.2}{\376\377\000I\000n\000s\000t\000a\000l\000l\000i\000n\000g\000\040\000n\000r\000e\000l\000.\000c\000l\000s}{section.2.3}% 9
\BOOKMARK [2][-]{subsection.2.3.3}{\376\377\000U\000s\000i\000n\000g\000\040\000n\000r\000e\000l\000.\000c\000l\000s}{section.2.3}% 10
\BOOKMARK [2][-]{subsection.2.3.4}{\376\377\000O\000p\000t\000i\000o\000n\000s\000\040\000i\000n\000\040\000n\000r\000e\000l\000.\000c\000l\000s}{section.2.3}% 11
\BOOKMARK [2][-]{subsection.2.3.5}{\376\377\000C\000l\000a\000s\000s\000e\000s\000\040\000a\000n\000d\000\040\000p\000a\000c\000k\000a\000g\000e\000s\000\040\000i\000n\000\040\000n\000r\000e\000l\000.\000c\000l\000s}{section.2.3}% 12
\BOOKMARK [1][-]{section.2.4}{\376\377\000F\000r\000o\000n\000t\000,\000\040\000m\000a\000i\000n\000,\000\040\000a\000n\000d\000\040\000b\000a\000c\000k\000\040\000m\000a\000t\000t\000e\000r}{chapter.2}% 13
\BOOKMARK [1][-]{section.2.5}{\376\377\000N\000R\000E\000L\000-\000s\000t\000y\000l\000e\000\040\000b\000i\000b\000l\000i\000o\000g\000r\000a\000p\000h\000i\000e\000s}{chapter.2}% 14
\BOOKMARK [1][-]{section.2.6}{\376\377\000P\000u\000t\000t\000i\000n\000g\000\040\000i\000t\000\040\000a\000l\000l\000\040\000t\000o\000g\000e\000t\000h\000e\000r}{chapter.2}% 15
\BOOKMARK [1][-]{section.2.7}{\376\377\000B\000e\000s\000t\000\040\000p\000r\000a\000c\000t\000i\000c\000e\000\040\000i\000n\000\040\000w\000r\000i\000t\000i\000n\000g\000\040\000a\000\040\000d\000o\000c\000u\000m\000e\000n\000t\000\040\000i\000n\000\040\000L\000a\000T\000e\000X}{chapter.2}% 16
\BOOKMARK [0][-]{chapter.3}{\376\377\000S\000o\000m\000e\000\040\000L\000a\000T\000e\000X\000\040\000e\000x\000a\000m\000p\000l\000e\000s}{}% 17
\BOOKMARK [1][-]{section.3.1}{\376\377\000H\000e\000a\000d\000i\000n\000g\000s}{chapter.3}% 18
\BOOKMARK [2][-]{subsection.3.1.1}{\376\377\000C\000h\000a\000p\000t\000e\000r}{section.3.1}% 19
\BOOKMARK [2][-]{subsection.3.1.2}{\376\377\000S\000e\000c\000t\000i\000o\000n\000s}{section.3.1}% 20
\BOOKMARK [1][-]{section.3.2}{\376\377\000B\000o\000d\000y\000\040\000t\000e\000x\000t}{chapter.3}% 21
\BOOKMARK [1][-]{section.3.3}{\376\377\000M\000a\000t\000h\000e\000m\000a\000t\000i\000c\000s}{chapter.3}% 22
\BOOKMARK [1][-]{section.3.4}{\376\377\000C\000r\000o\000s\000s\000\040\000r\000e\000f\000e\000r\000e\000n\000c\000e\000s}{chapter.3}% 23
\BOOKMARK [1][-]{section.3.5}{\376\377\000F\000l\000o\000a\000t\000s}{chapter.3}% 24
\BOOKMARK [2][-]{subsection.3.5.1}{\376\377\000T\000a\000b\000l\000e\000s}{section.3.5}% 25
\BOOKMARK [2][-]{subsection.3.5.2}{\376\377\000F\000i\000g\000u\000r\000e\000s}{section.3.5}% 26
\BOOKMARK [2][-]{subsection.3.5.3}{\376\377\000S\000u\000b\000f\000i\000g\000u\000r\000e\000s}{section.3.5}% 27
\BOOKMARK [1][-]{section.3.6}{\376\377\000L\000i\000s\000t\000s}{chapter.3}% 28
\BOOKMARK [1][-]{section.3.7}{\376\377\000C\000o\000m\000p\000u\000t\000e\000r\000\040\000c\000o\000d\000e}{chapter.3}% 29
\BOOKMARK [1][-]{section.3.8}{\376\377\000C\000r\000e\000a\000t\000i\000n\000g\000\040\000a\000\040\000f\000i\000l\000e\000\040\000s\000t\000r\000u\000c\000t\000u\000r\000e}{chapter.3}% 30
\BOOKMARK [1][-]{section.3.9}{\376\377\000C\000i\000t\000a\000t\000i\000o\000n\000s}{chapter.3}% 31
\BOOKMARK [1][-]{section.3.10}{\376\377\000B\000i\000b\000l\000i\000o\000g\000r\000a\000p\000h\000y}{chapter.3}% 32
\BOOKMARK [0][-]{chapter.4}{\376\377\000P\000r\000e\000p\000a\000r\000i\000n\000g\000\040\000a\000\040\000.\000D\000O\000C\000\040\000o\000r\000\040\000.\000D\000O\000C\000X\000\040\000f\000i\000l\000e\000\040\000f\000r\000o\000m\000\040\000L\000a\000T\000e\000X}{}% 33
\BOOKMARK [1][-]{section.4.1}{\376\377\000T\000h\000e\000\040\000c\000o\000n\000v\000e\000r\000s\000i\000o\000n\000\040\000p\000r\000o\000c\000e\000s\000s}{chapter.4}% 34
\BOOKMARK [1][-]{section.4.2}{\376\377\000H\000o\000w\000\040\000d\000o\000e\000s\000\040\000l\000a\000t\000e\000x\0002\000r\000t\000f\000\040\000w\000o\000r\000k\000?}{chapter.4}% 35
\BOOKMARK [1][-]{section.4.3}{\376\377\000U\000s\000i\000n\000g\000\040\000l\000a\000t\000e\000x\0002\000r\000t\000f}{chapter.4}% 36
\BOOKMARK [1][-]{section.4.4}{\376\377\000U\000s\000i\000n\000g\000\040\000l\000a\000t\000e\000x\0002\000r\000t\000f\000\040\000a\000n\000d\000\040\000L\000a\000T\000e\000X\000\040\000t\000o\000g\000e\000t\000h\000e\000r}{chapter.4}% 37
\BOOKMARK [1][-]{section.4.5}{\376\377\000I\000n\000d\000e\000x\000e\000s}{chapter.4}% 38
\BOOKMARK [1][-]{section.4.6}{\376\377\000W\000h\000a\000t\000\040\000t\000o\000\040\000d\000o\000\040\000w\000h\000e\000n\000\040\000t\000h\000e\000\040\000c\000o\000n\000v\000e\000r\000s\000i\000o\000n\000\040\000t\000o\000\040\000r\000i\000c\000h\000\040\000t\000e\000x\000t\000\040\000f\000o\000r\000m\000a\000t\000\040\000f\000a\000i\000l\000s}{chapter.4}% 39
\BOOKMARK [0][-]{chapter.5}{\376\377\000P\000r\000e\000p\000a\000r\000i\000n\000g\000\040\000a\000\040\000h\000i\000g\000h\000-\000q\000u\000a\000l\000i\000t\000y\000\040\000P\000D\000F\000\040\000f\000r\000o\000m\000\040\000L\000a\000T\000e\000X}{}% 40
\BOOKMARK [1][-]{section.5.1}{\376\377\000P\000D\000F\000\040\000t\000a\000g\000g\000i\000n\000g}{chapter.5}% 41
\BOOKMARK [1][-]{section.5.2}{\376\377\000A\000l\000t\000-\000t\000e\000x\000t\000\040\000o\000n\000\040\000i\000m\000a\000g\000e\000s\000\040\000a\000n\000d\000\040\000e\000q\000u\000a\000t\000i\000o\000n\000s}{chapter.5}% 42
\BOOKMARK [1][-]{section.5.3}{\376\377\000E\000m\000b\000e\000d\000d\000e\000d\000\040\000f\000o\000n\000t\000s}{chapter.5}% 43
\BOOKMARK [0][-]{chapter*.8}{\376\377\000B\000i\000b\000l\000i\000o\000g\000r\000a\000p\000h\000y}{}% 44
